<?xml version="1.0" encoding="UTF-8"?>
<testsuite xmlns:xsi="http://www.w3.org/2001/XMLSchema-instance" xsi:noNamespaceSchemaLocation="https://maven.apache.org/surefire/maven-surefire-plugin/xsd/surefire-test-report.xsd" name="com.example.test.DLLTest" time="0.001" tests="8" errors="0" skipped="0" failures="0">
  <properties>
    <property name="sun.desktop" value="windows"/>
    <property name="awt.toolkit" value="sun.awt.windows.WToolkit"/>
    <property name="java.specification.version" value="11"/>
    <property name="sun.cpu.isalist" value="amd64"/>
    <property name="sun.jnu.encoding" value="Cp1252"/>
    <property name="java.class.path" value="C:\Users\fresh\OneDrive\Desktop\coding\ENSF338\proj\ENSF338-Final-Project\myLib\my-api\target\test-classes;C:\Users\fresh\OneDrive\Desktop\coding\ENSF338\proj\ENSF338-Final-Project\myLib\my-api\target\classes;C:\Users\fresh\.m2\repository\junit\junit\4.11\junit-4.11.jar;C:\Users\fresh\.m2\repository\org\hamcrest\hamcrest-core\1.3\hamcrest-core-1.3.jar;"/>
    <property name="java.vm.vendor" value="Oracle Corporation"/>
    <property name="sun.arch.data.model" value="64"/>
    <property name="user.variant" value=""/>
    <property name="java.vendor.url" value="https://openjdk.java.net/"/>
    <property name="user.timezone" value="America/Denver"/>
    <property name="java.vm.specification.version" value="11"/>
    <property name="os.name" value="Windows 10"/>
    <property name="sun.java.launcher" value="SUN_STANDARD"/>
    <property name="user.country" value="CA"/>
    <property name="sun.boot.library.path" value="C:\Program Files\Java\jdk-11.0.17\bin"/>
    <property name="sun.java.command" value="C:\Users\fresh\AppData\Local\Temp\surefire7624433645334112275\surefirebooter2003586126263945906.jar C:\Users\fresh\AppData\Local\Temp\surefire7624433645334112275 2023-04-09T19-02-16_231-jvmRun1 surefire3958357202181249502tmp surefire_03280868437833237785tmp"/>
    <property name="jdk.debug" value="release"/>
    <property name="surefire.test.class.path" value="C:\Users\fresh\OneDrive\Desktop\coding\ENSF338\proj\ENSF338-Final-Project\myLib\my-api\target\test-classes;C:\Users\fresh\OneDrive\Desktop\coding\ENSF338\proj\ENSF338-Final-Project\myLib\my-api\target\classes;C:\Users\fresh\.m2\repository\junit\junit\4.11\junit-4.11.jar;C:\Users\fresh\.m2\repository\org\hamcrest\hamcrest-core\1.3\hamcrest-core-1.3.jar;"/>
    <property name="sun.cpu.endian" value="little"/>
    <property name="user.home" value="C:\Users\fresh"/>
    <property name="user.language" value="en"/>
    <property name="java.specification.vendor" value="Oracle Corporation"/>
    <property name="java.version.date" value="2022-10-18"/>
    <property name="java.home" value="C:\Program Files\Java\jdk-11.0.17"/>
    <property name="file.separator" value="\"/>
    <property name="basedir" value="C:\Users\fresh\OneDrive\Desktop\coding\ENSF338\proj\ENSF338-Final-Project\myLib\my-api"/>
    <property name="java.vm.compressedOopsMode" value="Zero based"/>
    <property name="line.separator" value="&#10;"/>
    <property name="java.specification.name" value="Java Platform API Specification"/>
    <property name="java.vm.specification.vendor" value="Oracle Corporation"/>
    <property name="java.awt.graphicsenv" value="sun.awt.Win32GraphicsEnvironment"/>
    <property name="surefire.real.class.path" value="C:\Users\fresh\AppData\Local\Temp\surefire7624433645334112275\surefirebooter2003586126263945906.jar"/>
    <property name="user.script" value=""/>
    <property name="sun.management.compiler" value="HotSpot 64-Bit Tiered Compilers"/>
    <property name="java.runtime.version" value="11.0.17+10-LTS-269"/>
    <property name="user.name" value="fresh"/>
    <property name="path.separator" value=";"/>
    <property name="os.version" value="10.0"/>
    <property name="java.runtime.name" value="Java(TM) SE Runtime Environment"/>
    <property name="file.encoding" value="Cp1252"/>
    <property name="java.vm.name" value="Java HotSpot(TM) 64-Bit Server VM"/>
    <property name="java.vendor.version" value="18.9"/>
    <property name="localRepository" value="C:\Users\fresh\.m2\repository"/>
    <property name="java.vendor.url.bug" value="https://bugreport.java.com/bugreport/"/>
    <property name="java.io.tmpdir" value="C:\Users\fresh\AppData\Local\Temp\"/>
    <property name="java.version" value="11.0.17"/>
    <property name="user.dir" value="C:\Users\fresh\OneDrive\Desktop\coding\ENSF338\proj\ENSF338-Final-Project\myLib\my-api"/>
    <property name="os.arch" value="amd64"/>
    <property name="java.vm.specification.name" value="Java Virtual Machine Specification"/>
    <property name="java.awt.printerjob" value="sun.awt.windows.WPrinterJob"/>
    <property name="sun.os.patch.level" value=""/>
    <property name="java.library.path" value="C:\Program Files\Java\jdk-11.0.17\bin;C:\Windows\Sun\Java\bin;C:\Windows\system32;C:\Windows;C:\Program Files\Common Files\Oracle\Java\javapath;C:\Windows\system32;C:\Windows;C:\Windows\System32\Wbem;C:\Windows\System32\WindowsPowerShell\v1.0\;C:\Windows\System32\OpenSSH\;C:\Program Files\NVIDIA Corporation\NVIDIA NvDLISR;C:\Program Files (x86)\NVIDIA Corporation\PhysX\Common;C:\Program Files\Git\cmd;C:\Program Files\Git\bin;C:\Python310\Scripts;C:\cygwin64\bin;C:\Program Files\nodejs\;C:\ProgramData\chocolatey\bin;C:\Program Files\Amazon\AWSCLIV2\;C:\Program Files\Java\jdk-11.0.17\bin;C:\Users\fresh\OneDrive\Desktop\coding\apache-maven-3.9.1\bin;C:\Users\fresh\AppData\Local\Programs\Python\Python310\Scripts\;C:\Users\fresh\AppData\Local\Programs\Python\Python310\;C:\Program Files\MySQL\MySQL Shell 8.0\bin\;C:\Users\fresh\AppData\Local\Microsoft\WindowsApps;C:\Users\fresh\AppData\Local\Programs\Microsoft VS Code\bin;C:\Program Files\Java\jdk-11.0.17\bin;C:\cygwin64\bin;C:\Users\fresh\AppData\Roaming\npm;C:\Users\fresh\AppData\Local\Programs\Python\Python310;;."/>
    <property name="java.vendor" value="Oracle Corporation"/>
    <property name="java.vm.info" value="mixed mode"/>
    <property name="java.vm.version" value="11.0.17+10-LTS-269"/>
    <property name="sun.io.unicode.encoding" value="UnicodeLittle"/>
    <property name="java.class.version" value="55.0"/>
  </properties>
  <testcase name="clearTest" classname="com.example.test.DLLTest" time="0"/>
  <testcase name="sortedInsertTest" classname="com.example.test.DLLTest" time="0"/>
  <testcase name="searchTest" classname="com.example.test.DLLTest" time="0"/>
  <testcase name="constrTest" classname="com.example.test.DLLTest" time="0"/>
  <testcase name="insertTests" classname="com.example.test.DLLTest" time="0"/>
  <testcase name="getTest" classname="com.example.test.DLLTest" time="0"/>
  <testcase name="delTest" classname="com.example.test.DLLTest" time="0"/>
  <testcase name="sortTest" classname="com.example.test.DLLTest" time="0"/>
</testsuite>